Build started 12/01/2015 14:19:32.
     1>Project "C:\Users\User\Documents\uni c++\herogame2.0\herogame2.0\herogame2.0.vcxproj" on node 2 (Build target(s)).
     1>ClCompile:
         C:\Program Files (x86)\Microsoft Visual Studio 12.0\VC\bin\CL.exe /c /ZI /nologo /W3 /WX- /Od /Oy- /D WIN32 /D _DEBUG /D _CONSOLE /D _UNICODE /D UNICODE /Gm /EHsc /RTC1 /MDd /GS /fp:precise /Zc:wchar_t /Zc:forScope /Fo"Debug\\" /Fd"Debug\vc120.pdb" /Gd /TP /analyze- /errorReport:prompt herogame.cpp
         herogame.cpp
     1>c:\users\user\documents\uni c++\herogame2.0\herogame2.0\herogame.cpp(55): error C2065: 'd' : undeclared identifier
     1>c:\users\user\documents\uni c++\herogame2.0\herogame2.0\herogame.cpp(55): error C2143: syntax error : missing ';' before 'return'
     1>Done Building Project "C:\Users\User\Documents\uni c++\herogame2.0\herogame2.0\herogame2.0.vcxproj" (Build target(s)) -- FAILED.

Build FAILED.

Time Elapsed 00:00:01.73
