Build started 15/02/2014 18:26:06.
     1>Project "C:\Users\User\Documents\uni c++\gmae2.0po\gmae2.0po\gmae2.0po.vcxproj" on node 2 (build target(s)).
     1>InitializeBuildStatus:
         Touching "Debug\gmae2.0po.unsuccessfulbuild".
       ClCompile:
         All outputs are up-to-date.
       ManifestResourceCompile:
         All outputs are up-to-date.
       Link:
         c:\Program Files (x86)\Microsoft Visual Studio 10.0\VC\bin\link.exe /ERRORREPORT:PROMPT /OUT:"C:\Users\User\Documents\uni c++\gmae2.0po\Debug\gmae2.0po.exe" /INCREMENTAL /NOLOGO kernel32.lib user32.lib gdi32.lib winspool.lib comdlg32.lib advapi32.lib shell32.lib ole32.lib oleaut32.lib uuid.lib odbc32.lib odbccp32.lib /MANIFEST /ManifestFile:"Debug\gmae2.0po.exe.intermediate.manifest" /MANIFESTUAC:"level='asInvoker' uiAccess='false'" /DEBUG /PDB:"C:\Users\User\Documents\uni c++\gmae2.0po\Debug\gmae2.0po.pdb" /SUBSYSTEM:CONSOLE /TLBID:1 /DYNAMICBASE /NXCOMPAT /IMPLIB:"C:\Users\User\Documents\uni c++\gmae2.0po\Debug\gmae2.0po.lib" /MACHINE:X86 Debug\gmae2.0po.exe.embed.manifest.res
         Debug\selector2.obj
     1>LINK : fatal error LNK1168: cannot open C:\Users\User\Documents\uni c++\gmae2.0po\Debug\gmae2.0po.exe for writing
     1>Done Building Project "C:\Users\User\Documents\uni c++\gmae2.0po\gmae2.0po\gmae2.0po.vcxproj" (build target(s)) -- FAILED.

Build FAILED.

Time Elapsed 00:00:00.18
