Build started 10/02/2014 18:16:58.
     1>Project "C:\Users\User\Documents\uni c++\game3.0\game3.0\game3.0.vcxproj" on node 2 (build target(s)).
     1>InitializeBuildStatus:
         Touching "Debug\game3.0.unsuccessfulbuild".
       ClCompile:
         All outputs are up-to-date.
       ManifestResourceCompile:
         All outputs are up-to-date.
       Link:
         c:\Program Files (x86)\Microsoft Visual Studio 10.0\VC\bin\link.exe /ERRORREPORT:PROMPT /OUT:"C:\Users\User\Documents\uni c++\game3.0\Debug\game3.0.exe" /INCREMENTAL /NOLOGO kernel32.lib user32.lib gdi32.lib winspool.lib comdlg32.lib advapi32.lib shell32.lib ole32.lib oleaut32.lib uuid.lib odbc32.lib odbccp32.lib /MANIFEST /ManifestFile:"Debug\game3.0.exe.intermediate.manifest" /MANIFESTUAC:"level='asInvoker' uiAccess='false'" /DEBUG /PDB:"C:\Users\User\Documents\uni c++\game3.0\Debug\game3.0.pdb" /SUBSYSTEM:CONSOLE /TLBID:1 /DYNAMICBASE /NXCOMPAT /IMPLIB:"C:\Users\User\Documents\uni c++\game3.0\Debug\game3.0.lib" /MACHINE:X86 Debug\game3.0.exe.embed.manifest.res
         Debug\gmae3.0.obj
     1>LINK : fatal error LNK1168: cannot open C:\Users\User\Documents\uni c++\game3.0\Debug\game3.0.exe for writing
     1>Done Building Project "C:\Users\User\Documents\uni c++\game3.0\game3.0\game3.0.vcxproj" (build target(s)) -- FAILED.

Build FAILED.

Time Elapsed 00:00:00.23
